{
  "stats": {
    "suites": 1,
    "tests": 4,
    "passes": 4,
    "pending": 0,
    "failures": 0,
    "start": "2026-05-31T19:35:08.507Z",
    "end": "2026-05-31T19:35:08.513Z",
    "duration": 6,
    "testsRegistered": 4,
    "passPercent": 100,
    "pendingPercent": 0,
    "other": 0,
    "hasOther": false,
    "skipped": 0,
    "hasSkipped": false
  },
  "results": [
    {
      "uuid": "1d06cd31-5c68-46b3-abfe-256d234bf9e6",
      "title": "",
      "fullFile": "C:\\Users\\p.ferreira.da.costa\\OneDrive - Avanade\\Documents\\Pós\\trabalhoConclusao_Modulo3\\test\\gestaoPagamentos.test.js",
      "file": "\\test\\gestaoPagamentos.test.js",
      "beforeHooks": [],
      "afterHooks": [],
      "tests": [],
      "suites": [
        {
          "uuid": "c18edffd-1ece-4d19-999f-b08280f725d8",
          "title": "ServicoDePagamento",
          "fullFile": "C:\\Users\\p.ferreira.da.costa\\OneDrive - Avanade\\Documents\\Pós\\trabalhoConclusao_Modulo3\\test\\gestaoPagamentos.test.js",
          "file": "\\test\\gestaoPagamentos.test.js",
          "beforeHooks": [],
          "afterHooks": [],
          "tests": [
            {
              "title": "deve registrar pagamento com categoria \"cara\"",
              "fullTitle": "ServicoDePagamento deve registrar pagamento com categoria \"cara\"",
              "timedOut": false,
              "duration": 0,
              "state": "passed",
              "speed": "fast",
              "pass": true,
              "fail": false,
              "pending": false,
              "context": null,
              "code": "const servico = new ServicoDePagamento();\nservico.pagar('123', 'Empresa X', 150);\nconst ultimo = servico.consultarUltimoPagamento();\nassert.strictEqual(ultimo.categoria, 'cara');",
              "err": {},
              "uuid": "5149cf7e-497b-4c65-b9cf-ef818e6fdebe",
              "parentUUID": "c18edffd-1ece-4d19-999f-b08280f725d8",
              "isHook": false,
              "skipped": false
            },
            {
              "title": "deve registrar pagamento com categoria \"padrão\"",
              "fullTitle": "ServicoDePagamento deve registrar pagamento com categoria \"padrão\"",
              "timedOut": false,
              "duration": 0,
              "state": "passed",
              "speed": "fast",
              "pass": true,
              "fail": false,
              "pending": false,
              "context": null,
              "code": "const servico = new ServicoDePagamento();\nservico.pagar('456', 'Empresa Y', 50);\nconst ultimo = servico.consultarUltimoPagamento();\nassert.strictEqual(ultimo.categoria, 'padrão');",
              "err": {},
              "uuid": "de9e9dff-47a2-4bf0-8764-ba4ee671fd32",
              "parentUUID": "c18edffd-1ece-4d19-999f-b08280f725d8",
              "isHook": false,
              "skipped": false
            },
            {
              "title": "deve retornar o último pagamento realizado",
              "fullTitle": "ServicoDePagamento deve retornar o último pagamento realizado",
              "timedOut": false,
              "duration": 0,
              "state": "passed",
              "speed": "fast",
              "pass": true,
              "fail": false,
              "pending": false,
              "context": null,
              "code": "const servico = new ServicoDePagamento();\nservico.pagar('111', 'Empresa A', 10);\nservico.pagar('222', 'Empresa B', 200);\nconst ultimo = servico.consultarUltimoPagamento();\nassert.strictEqual(ultimo.codigoBarras, '222');",
              "err": {},
              "uuid": "bb08dc02-45a4-407a-b4bc-09877d857f2b",
              "parentUUID": "c18edffd-1ece-4d19-999f-b08280f725d8",
              "isHook": false,
              "skipped": false
            },
            {
              "title": "deve retornar null se não houver pagamentos",
              "fullTitle": "ServicoDePagamento deve retornar null se não houver pagamentos",
              "timedOut": false,
              "duration": 0,
              "state": "passed",
              "speed": "fast",
              "pass": true,
              "fail": false,
              "pending": false,
              "context": null,
              "code": "const servico = new ServicoDePagamento();\nconst ultimo = servico.consultarUltimoPagamento();\nassert.strictEqual(ultimo, null);",
              "err": {},
              "uuid": "9c712d4d-e55d-4a57-af04-983538e848b8",
              "parentUUID": "c18edffd-1ece-4d19-999f-b08280f725d8",
              "isHook": false,
              "skipped": false
            }
          ],
          "suites": [],
          "passes": [
            "5149cf7e-497b-4c65-b9cf-ef818e6fdebe",
            "de9e9dff-47a2-4bf0-8764-ba4ee671fd32",
            "bb08dc02-45a4-407a-b4bc-09877d857f2b",
            "9c712d4d-e55d-4a57-af04-983538e848b8"
          ],
          "failures": [],
          "pending": [],
          "skipped": [],
          "duration": 0,
          "root": false,
          "rootEmpty": false,
          "_timeout": 2000
        }
      ],
      "passes": [],
      "failures": [],
      "pending": [],
      "skipped": [],
      "duration": 0,
      "root": true,
      "rootEmpty": true,
      "_timeout": 2000
    }
  ],
  "meta": {
    "mocha": {
      "version": "11.7.6"
    },
    "mochawesome": {
      "options": {
        "quiet": false,
        "reportFilename": "mochawesome",
        "saveHtml": true,
        "saveJson": true,
        "consoleReporter": "spec",
        "useInlineDiffs": false,
        "code": true
      },
      "version": "7.1.4"
    },
    "marge": {
      "options": null,
      "version": "6.3.2"
    }
  }
}